2025-09-11 12:30:19,366 - src.analyzer - INFO - Инициализирован анализатор для системы: Промышленная ИКС v2.0
2025-09-11 12:30:19,367 - src.analyzer - INFO - Добавлена метрика 'CPU_Usage' с 720 значениями
2025-09-11 12:30:19,368 - src.analyzer - INFO - Добавлена метрика 'Network_Throughput' с 720 значениями
2025-09-11 12:30:19,369 - src.analyzer - INFO - Добавлена метрика 'Memory_Usage' с 720 значениями
2025-09-11 12:30:19,369 - src.analyzer - INFO - Добавлено условие 'Temperature' с 720 значениями
2025-09-11 12:30:19,369 - src.analyzer - INFO - Добавлено условие 'Humidity' с 720 значениями
2025-09-11 12:30:19,370 - src.analyzer - INFO - Добавлено условие 'Vibration' с 720 значениями
2025-09-11 12:30:19,371 - src.analyzer - WARNING - Зарегистрирован отказ: Hardware - Отказ процессора из-за перегрева - температура превысила 45°C
2025-09-11 12:30:19,371 - src.analyzer - WARNING - Зарегистрирован отказ: Network - Потеря связи с удаленным узлом - обрыв кабеля
2025-09-11 12:30:19,371 - src.analyzer - WARNING - Зарегистрирован отказ: Software - Ошибка в модуле обработки данных - переполнение буфера
2025-09-11 12:30:19,372 - src.analyzer - WARNING - Зарегистрирован отказ: Power - Сбой питания в критическом узле - отключение ИБП
2025-09-11 12:30:19,372 - src.analyzer - WARNING - Зарегистрирован отказ: Environmental - Отказ жесткого диска из-за повышенной вибрации
2025-09-11 12:30:19,373 - src.analyzer - INFO - Рассчитаны метрики надежности
2025-09-11 12:30:20,185 - src.analyzer - INFO - Проведен анализ деградации производительности
2025-09-11 12:30:20,190 - src.analyzer - INFO - Рассчитаны корреляции: 9 пар
2025-09-11 12:30:27,734 - src.analyzer - INFO - ML модели успешно обучены
2025-09-11 12:30:29,319 - src.analyzer - INFO - Получено 145 прогнозов отказов
2025-09-11 12:30:29,363 - src.analyzer - INFO - Обнаружено 720 аномалий
2025-09-11 12:30:29,407 - src.analyzer - INFO - Обнаружено 720 аномалий
2025-09-11 12:30:31,042 - src.analyzer - INFO - Обнаружено 720 аномалий
2025-09-11 12:30:34,246 - src.analyzer - INFO - Получено 145 прогнозов отказов
2025-09-11 12:30:35,492 - src.analyzer - ERROR - Ошибка сохранения данных: Object of type bool is not JSON serializable
2025-09-11 12:30:36,101 - src.analyzer - INFO - Данные экспортированы в Excel файл: improved_system/advanced_analysis_data.xlsx
2025-09-11 12:37:12,904 - src.analyzer - INFO - Инициализирован анализатор для системы: Промышленная ИКС v2.0
2025-09-11 12:37:12,905 - src.analyzer - INFO - Добавлена метрика 'CPU_Usage' с 720 значениями
2025-09-11 12:37:12,906 - src.analyzer - INFO - Добавлена метрика 'Network_Throughput' с 720 значениями
2025-09-11 12:37:12,906 - src.analyzer - INFO - Добавлена метрика 'Memory_Usage' с 720 значениями
2025-09-11 12:37:12,907 - src.analyzer - INFO - Добавлено условие 'Temperature' с 720 значениями
2025-09-11 12:37:12,907 - src.analyzer - INFO - Добавлено условие 'Humidity' с 720 значениями
2025-09-11 12:37:12,908 - src.analyzer - INFO - Добавлено условие 'Vibration' с 720 значениями
2025-09-11 12:37:12,908 - src.analyzer - WARNING - Зарегистрирован отказ: Hardware - Отказ процессора из-за перегрева - температура превысила 45°C
2025-09-11 12:37:12,909 - src.analyzer - WARNING - Зарегистрирован отказ: Network - Потеря связи с удаленным узлом - обрыв кабеля
2025-09-11 12:37:12,909 - src.analyzer - WARNING - Зарегистрирован отказ: Software - Ошибка в модуле обработки данных - переполнение буфера
2025-09-11 12:37:12,910 - src.analyzer - WARNING - Зарегистрирован отказ: Power - Сбой питания в критическом узле - отключение ИБП
2025-09-11 12:37:12,910 - src.analyzer - WARNING - Зарегистрирован отказ: Environmental - Отказ жесткого диска из-за повышенной вибрации
2025-09-11 12:37:12,912 - src.analyzer - INFO - Рассчитаны метрики надежности
2025-09-11 12:37:13,534 - src.analyzer - INFO - Проведен анализ деградации производительности
2025-09-11 12:37:13,538 - src.analyzer - INFO - Рассчитаны корреляции: 9 пар
2025-09-11 12:37:20,466 - src.analyzer - INFO - ML модели успешно обучены
2025-09-11 12:37:21,917 - src.analyzer - INFO - Получено 145 прогнозов отказов
2025-09-11 12:37:21,960 - src.analyzer - INFO - Обнаружено 720 аномалий
2025-09-11 12:37:22,000 - src.analyzer - INFO - Обнаружено 720 аномалий
2025-09-11 12:37:36,402 - src.analyzer - INFO - Обнаружено 720 аномалий
2025-09-11 12:37:46,091 - src.analyzer - INFO - Получено 145 прогнозов отказов
2025-09-11 12:37:49,823 - src.analyzer - ERROR - Ошибка сохранения данных: Object of type bool is not JSON serializable
2025-09-11 12:37:50,401 - src.analyzer - INFO - Данные экспортированы в Excel файл: improved_system/advanced_analysis_data.xlsx
2025-09-11 12:48:27,713 - src.analyzer - INFO - Инициализирован анализатор для системы: Промышленная ИКС v2.0
2025-09-11 12:48:27,714 - src.analyzer - INFO - Добавлена метрика 'CPU_Usage' с 720 значениями
2025-09-11 12:48:27,714 - src.analyzer - INFO - Добавлена метрика 'Network_Throughput' с 720 значениями
2025-09-11 12:48:27,715 - src.analyzer - INFO - Добавлена метрика 'Memory_Usage' с 720 значениями
2025-09-11 12:48:27,715 - src.analyzer - INFO - Добавлено условие 'Temperature' с 720 значениями
2025-09-11 12:48:27,715 - src.analyzer - INFO - Добавлено условие 'Humidity' с 720 значениями
2025-09-11 12:48:27,715 - src.analyzer - INFO - Добавлено условие 'Vibration' с 720 значениями
2025-09-11 12:48:27,716 - src.analyzer - WARNING - Зарегистрирован отказ: Hardware - Отказ процессора из-за перегрева - температура превысила 45°C
2025-09-11 12:48:27,716 - src.analyzer - WARNING - Зарегистрирован отказ: Network - Потеря связи с удаленным узлом - обрыв кабеля
2025-09-11 12:48:27,716 - src.analyzer - WARNING - Зарегистрирован отказ: Software - Ошибка в модуле обработки данных - переполнение буфера
2025-09-11 12:48:27,716 - src.analyzer - WARNING - Зарегистрирован отказ: Power - Сбой питания в критическом узле - отключение ИБП
2025-09-11 12:48:27,716 - src.analyzer - WARNING - Зарегистрирован отказ: Environmental - Отказ жесткого диска из-за повышенной вибрации
2025-09-11 12:48:27,717 - src.analyzer - INFO - Рассчитаны метрики надежности
2025-09-11 12:48:28,267 - src.analyzer - INFO - Проведен анализ деградации производительности
2025-09-11 12:48:28,271 - src.analyzer - INFO - Рассчитаны корреляции: 9 пар
2025-09-11 12:48:33,638 - src.analyzer - INFO - ML модели успешно обучены
2025-09-11 12:48:34,790 - src.analyzer - INFO - Получено 145 прогнозов отказов
2025-09-11 12:48:34,821 - src.analyzer - INFO - Обнаружено 720 аномалий
2025-09-11 12:48:34,852 - src.analyzer - INFO - Обнаружено 720 аномалий
2025-09-11 12:48:39,392 - src.analyzer - INFO - Обнаружено 720 аномалий
2025-09-11 12:48:44,039 - src.analyzer - INFO - Получено 145 прогнозов отказов
2025-09-11 12:48:46,426 - src.analyzer - ERROR - Ошибка сохранения данных: Object of type bool is not JSON serializable
2025-09-11 12:48:46,919 - src.analyzer - INFO - Данные экспортированы в Excel файл: improved_system/advanced_analysis_data.xlsx
