2025-09-11 12:19:07,705 - src.config - INFO - Конфигурация по умолчанию сохранена в config.yaml
2025-09-11 12:19:07,706 - src.analyzer - INFO - Инициализирован анализатор для системы: Промышленная ИКС v2.0
2025-09-11 12:19:07,708 - src.analyzer - INFO - Добавлена метрика 'CPU_Usage' с 720 значениями
2025-09-11 12:19:07,709 - src.analyzer - INFO - Добавлена метрика 'Network_Throughput' с 720 значениями
2025-09-11 12:19:07,710 - src.analyzer - INFO - Добавлена метрика 'Memory_Usage' с 720 значениями
2025-09-11 12:19:07,711 - src.analyzer - INFO - Добавлено условие 'Temperature' с 720 значениями
2025-09-11 12:19:07,712 - src.analyzer - INFO - Добавлено условие 'Humidity' с 720 значениями
2025-09-11 12:19:07,713 - src.analyzer - INFO - Добавлено условие 'Vibration' с 720 значениями
2025-09-11 12:19:07,714 - src.analyzer - WARNING - Зарегистрирован отказ: Hardware - Отказ процессора из-за перегрева - температура превысила 45°C
2025-09-11 12:19:07,715 - src.analyzer - WARNING - Зарегистрирован отказ: Network - Потеря связи с удаленным узлом - обрыв кабеля
2025-09-11 12:19:07,715 - src.analyzer - WARNING - Зарегистрирован отказ: Software - Ошибка в модуле обработки данных - переполнение буфера
2025-09-11 12:19:07,716 - src.analyzer - WARNING - Зарегистрирован отказ: Power - Сбой питания в критическом узле - отключение ИБП
2025-09-11 12:19:07,716 - src.analyzer - WARNING - Зарегистрирован отказ: Environmental - Отказ жесткого диска из-за повышенной вибрации
2025-09-11 12:19:07,719 - src.analyzer - INFO - Рассчитаны метрики надежности
2025-09-11 12:19:08,954 - src.analyzer - INFO - Проведен анализ деградации производительности
2025-09-11 12:19:08,975 - src.analyzer - INFO - Рассчитаны корреляции: 9 пар
2025-09-11 12:19:12,204 - src.ml_predictions - INFO - Точность модели прогнозирования отказов: 0.993
2025-09-11 12:19:12,413 - src.ml_predictions - INFO - Модель обнаружения аномалий обучена
2025-09-11 12:19:12,414 - src.ml_predictions - WARNING - statsmodels не установлен, временные ряды не поддерживаются
2025-09-11 12:19:12,414 - src.analyzer - WARNING - Не удалось обучить модель временных рядов для CPU_Usage
2025-09-11 12:19:12,415 - src.ml_predictions - WARNING - statsmodels не установлен, временные ряды не поддерживаются
2025-09-11 12:19:12,415 - src.analyzer - WARNING - Не удалось обучить модель временных рядов для Network_Throughput
2025-09-11 12:19:12,416 - src.ml_predictions - WARNING - statsmodels не установлен, временные ряды не поддерживаются
2025-09-11 12:19:12,416 - src.analyzer - WARNING - Не удалось обучить модель временных рядов для Memory_Usage
2025-09-11 12:19:12,416 - src.analyzer - INFO - ML модели успешно обучены
2025-09-11 12:19:14,267 - src.analyzer - INFO - Получено 145 прогнозов отказов
2025-09-11 12:19:14,314 - src.analyzer - INFO - Обнаружено 720 аномалий
2025-09-11 12:19:14,358 - src.analyzer - INFO - Обнаружено 720 аномалий
2025-09-11 12:19:16,159 - src.visualization - INFO - График сохранен: advanced_dashboard.png
2025-09-11 12:19:16,198 - src.analyzer - INFO - Обнаружено 720 аномалий
2025-09-11 12:19:18,466 - src.visualization - INFO - График сохранен: anomaly_detection.png
2025-09-11 12:19:20,199 - src.analyzer - INFO - Получено 145 прогнозов отказов
2025-09-11 12:19:21,627 - src.visualization - INFO - График сохранен: failure_predictions.png
2025-09-11 12:19:21,639 - src.analyzer - ERROR - Ошибка сохранения данных: Object of type bool is not JSON serializable
2025-09-11 12:19:21,640 - src.analyzer - ERROR - openpyxl не установлен, экспорт в Excel недоступен
2025-09-11 12:20:31,920 - src.config - INFO - Конфигурация загружена из config.yaml
2025-09-11 12:20:31,920 - src.analyzer - INFO - Инициализирован анализатор для системы: Промышленная ИКС v2.0
2025-09-11 12:20:31,921 - src.analyzer - INFO - Добавлена метрика 'CPU_Usage' с 720 значениями
2025-09-11 12:20:31,922 - src.analyzer - INFO - Добавлена метрика 'Network_Throughput' с 720 значениями
2025-09-11 12:20:31,923 - src.analyzer - INFO - Добавлена метрика 'Memory_Usage' с 720 значениями
2025-09-11 12:20:31,923 - src.analyzer - INFO - Добавлено условие 'Temperature' с 720 значениями
2025-09-11 12:20:31,923 - src.analyzer - INFO - Добавлено условие 'Humidity' с 720 значениями
2025-09-11 12:20:31,924 - src.analyzer - INFO - Добавлено условие 'Vibration' с 720 значениями
2025-09-11 12:20:31,924 - src.analyzer - WARNING - Зарегистрирован отказ: Hardware - Отказ процессора из-за перегрева - температура превысила 45°C
2025-09-11 12:20:31,925 - src.analyzer - WARNING - Зарегистрирован отказ: Network - Потеря связи с удаленным узлом - обрыв кабеля
2025-09-11 12:20:31,925 - src.analyzer - WARNING - Зарегистрирован отказ: Software - Ошибка в модуле обработки данных - переполнение буфера
2025-09-11 12:20:31,925 - src.analyzer - WARNING - Зарегистрирован отказ: Power - Сбой питания в критическом узле - отключение ИБП
2025-09-11 12:20:31,925 - src.analyzer - WARNING - Зарегистрирован отказ: Environmental - Отказ жесткого диска из-за повышенной вибрации
2025-09-11 12:20:31,926 - src.analyzer - INFO - Рассчитаны метрики надежности
2025-09-11 12:20:32,627 - src.analyzer - INFO - Проведен анализ деградации производительности
2025-09-11 12:20:32,632 - src.analyzer - INFO - Рассчитаны корреляции: 9 пар
2025-09-11 12:20:33,145 - src.ml_predictions - INFO - Точность модели прогнозирования отказов: 0.993
2025-09-11 12:20:33,361 - src.ml_predictions - INFO - Модель обнаружения аномалий обучена
2025-09-11 12:20:35,811 - src.ml_predictions - INFO - Модель временных рядов для CPU_Usage обучена (AIC: 3678.30)
2025-09-11 12:20:38,366 - src.ml_predictions - INFO - Модель временных рядов для Network_Throughput обучена (AIC: 6386.59)
2025-09-11 12:20:40,025 - src.ml_predictions - INFO - Модель временных рядов для Memory_Usage обучена (AIC: 3135.96)
2025-09-11 12:20:40,025 - src.analyzer - INFO - ML модели успешно обучены
2025-09-11 12:20:41,380 - src.analyzer - INFO - Получено 145 прогнозов отказов
2025-09-11 12:20:41,417 - src.analyzer - INFO - Обнаружено 720 аномалий
2025-09-11 12:20:41,456 - src.analyzer - INFO - Обнаружено 720 аномалий
2025-09-11 12:20:42,919 - src.visualization - INFO - График сохранен: advanced_dashboard.png
2025-09-11 12:20:42,956 - src.analyzer - INFO - Обнаружено 720 аномалий
2025-09-11 12:20:44,667 - src.visualization - INFO - График сохранен: anomaly_detection.png
2025-09-11 12:20:46,097 - src.analyzer - INFO - Получено 145 прогнозов отказов
2025-09-11 12:20:47,283 - src.visualization - INFO - График сохранен: failure_predictions.png
2025-09-11 12:20:47,293 - src.analyzer - ERROR - Ошибка сохранения данных: Object of type bool is not JSON serializable
2025-09-11 12:20:47,769 - src.analyzer - INFO - Данные экспортированы в Excel файл: advanced_analysis_data.xlsx
2025-09-11 12:30:19,366 - src.config - INFO - Конфигурация загружена из improved_system/config.yaml
2025-09-11 12:30:19,366 - src.analyzer - INFO - Инициализирован анализатор для системы: Промышленная ИКС v2.0
2025-09-11 12:30:19,367 - src.analyzer - INFO - Добавлена метрика 'CPU_Usage' с 720 значениями
2025-09-11 12:30:19,368 - src.analyzer - INFO - Добавлена метрика 'Network_Throughput' с 720 значениями
2025-09-11 12:30:19,369 - src.analyzer - INFO - Добавлена метрика 'Memory_Usage' с 720 значениями
2025-09-11 12:30:19,369 - src.analyzer - INFO - Добавлено условие 'Temperature' с 720 значениями
2025-09-11 12:30:19,369 - src.analyzer - INFO - Добавлено условие 'Humidity' с 720 значениями
2025-09-11 12:30:19,370 - src.analyzer - INFO - Добавлено условие 'Vibration' с 720 значениями
2025-09-11 12:30:19,371 - src.analyzer - WARNING - Зарегистрирован отказ: Hardware - Отказ процессора из-за перегрева - температура превысила 45°C
2025-09-11 12:30:19,371 - src.analyzer - WARNING - Зарегистрирован отказ: Network - Потеря связи с удаленным узлом - обрыв кабеля
2025-09-11 12:30:19,371 - src.analyzer - WARNING - Зарегистрирован отказ: Software - Ошибка в модуле обработки данных - переполнение буфера
2025-09-11 12:30:19,372 - src.analyzer - WARNING - Зарегистрирован отказ: Power - Сбой питания в критическом узле - отключение ИБП
2025-09-11 12:30:19,372 - src.analyzer - WARNING - Зарегистрирован отказ: Environmental - Отказ жесткого диска из-за повышенной вибрации
2025-09-11 12:30:19,373 - src.analyzer - INFO - Рассчитаны метрики надежности
2025-09-11 12:30:20,185 - src.analyzer - INFO - Проведен анализ деградации производительности
2025-09-11 12:30:20,190 - src.analyzer - INFO - Рассчитаны корреляции: 9 пар
2025-09-11 12:30:20,871 - src.ml_predictions - INFO - Точность модели прогнозирования отказов: 0.993
2025-09-11 12:30:21,093 - src.ml_predictions - INFO - Модель обнаружения аномалий обучена
2025-09-11 12:30:23,201 - src.ml_predictions - INFO - Модель временных рядов для CPU_Usage обучена (AIC: 3678.30)
2025-09-11 12:30:25,971 - src.ml_predictions - INFO - Модель временных рядов для Network_Throughput обучена (AIC: 6386.59)
2025-09-11 12:30:27,734 - src.ml_predictions - INFO - Модель временных рядов для Memory_Usage обучена (AIC: 3135.96)
2025-09-11 12:30:27,734 - src.analyzer - INFO - ML модели успешно обучены
2025-09-11 12:30:29,319 - src.analyzer - INFO - Получено 145 прогнозов отказов
2025-09-11 12:30:29,363 - src.analyzer - INFO - Обнаружено 720 аномалий
2025-09-11 12:30:29,407 - src.analyzer - INFO - Обнаружено 720 аномалий
2025-09-11 12:30:31,003 - src.visualization - INFO - График сохранен: improved_system/advanced_dashboard.png
2025-09-11 12:30:31,042 - src.analyzer - INFO - Обнаружено 720 аномалий
2025-09-11 12:30:32,735 - src.visualization - INFO - График сохранен: improved_system/anomaly_detection.png
2025-09-11 12:30:34,246 - src.analyzer - INFO - Получено 145 прогнозов отказов
2025-09-11 12:30:35,480 - src.visualization - INFO - График сохранен: improved_system/failure_predictions.png
2025-09-11 12:30:35,492 - src.analyzer - ERROR - Ошибка сохранения данных: Object of type bool is not JSON serializable
2025-09-11 12:30:36,101 - src.analyzer - INFO - Данные экспортированы в Excel файл: improved_system/advanced_analysis_data.xlsx
2025-09-11 12:37:12,904 - src.config - INFO - Конфигурация загружена из improved_system/config.yaml
2025-09-11 12:37:12,904 - src.analyzer - INFO - Инициализирован анализатор для системы: Промышленная ИКС v2.0
2025-09-11 12:37:12,905 - src.analyzer - INFO - Добавлена метрика 'CPU_Usage' с 720 значениями
2025-09-11 12:37:12,906 - src.analyzer - INFO - Добавлена метрика 'Network_Throughput' с 720 значениями
2025-09-11 12:37:12,906 - src.analyzer - INFO - Добавлена метрика 'Memory_Usage' с 720 значениями
2025-09-11 12:37:12,907 - src.analyzer - INFO - Добавлено условие 'Temperature' с 720 значениями
2025-09-11 12:37:12,907 - src.analyzer - INFO - Добавлено условие 'Humidity' с 720 значениями
2025-09-11 12:37:12,908 - src.analyzer - INFO - Добавлено условие 'Vibration' с 720 значениями
2025-09-11 12:37:12,908 - src.analyzer - WARNING - Зарегистрирован отказ: Hardware - Отказ процессора из-за перегрева - температура превысила 45°C
2025-09-11 12:37:12,909 - src.analyzer - WARNING - Зарегистрирован отказ: Network - Потеря связи с удаленным узлом - обрыв кабеля
2025-09-11 12:37:12,909 - src.analyzer - WARNING - Зарегистрирован отказ: Software - Ошибка в модуле обработки данных - переполнение буфера
2025-09-11 12:37:12,910 - src.analyzer - WARNING - Зарегистрирован отказ: Power - Сбой питания в критическом узле - отключение ИБП
2025-09-11 12:37:12,910 - src.analyzer - WARNING - Зарегистрирован отказ: Environmental - Отказ жесткого диска из-за повышенной вибрации
2025-09-11 12:37:12,912 - src.analyzer - INFO - Рассчитаны метрики надежности
2025-09-11 12:37:13,534 - src.analyzer - INFO - Проведен анализ деградации производительности
2025-09-11 12:37:13,538 - src.analyzer - INFO - Рассчитаны корреляции: 9 пар
2025-09-11 12:37:13,999 - src.ml_predictions - INFO - Точность модели прогнозирования отказов: 0.993
2025-09-11 12:37:14,688 - src.ml_predictions - INFO - Модель обнаружения аномалий обучена
2025-09-11 12:37:16,438 - src.ml_predictions - INFO - Модель временных рядов для CPU_Usage обучена (AIC: 3678.30)
2025-09-11 12:37:18,724 - src.ml_predictions - INFO - Модель временных рядов для Network_Throughput обучена (AIC: 6386.59)
2025-09-11 12:37:20,466 - src.ml_predictions - INFO - Модель временных рядов для Memory_Usage обучена (AIC: 3135.96)
2025-09-11 12:37:20,466 - src.analyzer - INFO - ML модели успешно обучены
2025-09-11 12:37:21,917 - src.analyzer - INFO - Получено 145 прогнозов отказов
2025-09-11 12:37:21,960 - src.analyzer - INFO - Обнаружено 720 аномалий
2025-09-11 12:37:22,000 - src.analyzer - INFO - Обнаружено 720 аномалий
2025-09-11 12:37:23,481 - src.visualization - INFO - График сохранен: improved_system/advanced_dashboard.png
2025-09-11 12:37:36,402 - src.analyzer - INFO - Обнаружено 720 аномалий
2025-09-11 12:37:38,014 - src.visualization - INFO - График сохранен: improved_system/anomaly_detection.png
2025-09-11 12:37:46,091 - src.analyzer - INFO - Получено 145 прогнозов отказов
2025-09-11 12:37:47,266 - src.visualization - INFO - График сохранен: improved_system/failure_predictions.png
2025-09-11 12:37:49,823 - src.analyzer - ERROR - Ошибка сохранения данных: Object of type bool is not JSON serializable
2025-09-11 12:37:50,401 - src.analyzer - INFO - Данные экспортированы в Excel файл: improved_system/advanced_analysis_data.xlsx
2025-09-11 12:48:27,713 - src.config - INFO - Конфигурация загружена из improved_system/config.yaml
2025-09-11 12:48:27,713 - src.analyzer - INFO - Инициализирован анализатор для системы: Промышленная ИКС v2.0
2025-09-11 12:48:27,714 - src.analyzer - INFO - Добавлена метрика 'CPU_Usage' с 720 значениями
2025-09-11 12:48:27,714 - src.analyzer - INFO - Добавлена метрика 'Network_Throughput' с 720 значениями
2025-09-11 12:48:27,715 - src.analyzer - INFO - Добавлена метрика 'Memory_Usage' с 720 значениями
2025-09-11 12:48:27,715 - src.analyzer - INFO - Добавлено условие 'Temperature' с 720 значениями
2025-09-11 12:48:27,715 - src.analyzer - INFO - Добавлено условие 'Humidity' с 720 значениями
2025-09-11 12:48:27,715 - src.analyzer - INFO - Добавлено условие 'Vibration' с 720 значениями
2025-09-11 12:48:27,716 - src.analyzer - WARNING - Зарегистрирован отказ: Hardware - Отказ процессора из-за перегрева - температура превысила 45°C
2025-09-11 12:48:27,716 - src.analyzer - WARNING - Зарегистрирован отказ: Network - Потеря связи с удаленным узлом - обрыв кабеля
2025-09-11 12:48:27,716 - src.analyzer - WARNING - Зарегистрирован отказ: Software - Ошибка в модуле обработки данных - переполнение буфера
2025-09-11 12:48:27,716 - src.analyzer - WARNING - Зарегистрирован отказ: Power - Сбой питания в критическом узле - отключение ИБП
2025-09-11 12:48:27,716 - src.analyzer - WARNING - Зарегистрирован отказ: Environmental - Отказ жесткого диска из-за повышенной вибрации
2025-09-11 12:48:27,717 - src.analyzer - INFO - Рассчитаны метрики надежности
2025-09-11 12:48:28,267 - src.analyzer - INFO - Проведен анализ деградации производительности
2025-09-11 12:48:28,271 - src.analyzer - INFO - Рассчитаны корреляции: 9 пар
2025-09-11 12:48:28,693 - src.ml_predictions - INFO - Точность модели прогнозирования отказов: 0.993
2025-09-11 12:48:28,851 - src.ml_predictions - INFO - Модель обнаружения аномалий обучена
2025-09-11 12:48:30,375 - src.ml_predictions - INFO - Модель временных рядов для CPU_Usage обучена (AIC: 3678.30)
2025-09-11 12:48:32,359 - src.ml_predictions - INFO - Модель временных рядов для Network_Throughput обучена (AIC: 6386.59)
2025-09-11 12:48:33,638 - src.ml_predictions - INFO - Модель временных рядов для Memory_Usage обучена (AIC: 3135.96)
2025-09-11 12:48:33,638 - src.analyzer - INFO - ML модели успешно обучены
2025-09-11 12:48:34,790 - src.analyzer - INFO - Получено 145 прогнозов отказов
2025-09-11 12:48:34,821 - src.analyzer - INFO - Обнаружено 720 аномалий
2025-09-11 12:48:34,852 - src.analyzer - INFO - Обнаружено 720 аномалий
2025-09-11 12:48:36,068 - src.visualization - INFO - График сохранен: improved_system/advanced_dashboard.png
2025-09-11 12:48:39,392 - src.analyzer - INFO - Обнаружено 720 аномалий
2025-09-11 12:48:40,778 - src.visualization - INFO - График сохранен: improved_system/anomaly_detection.png
2025-09-11 12:48:44,039 - src.analyzer - INFO - Получено 145 прогнозов отказов
2025-09-11 12:48:45,090 - src.visualization - INFO - График сохранен: improved_system/failure_predictions.png
2025-09-11 12:48:46,426 - src.analyzer - ERROR - Ошибка сохранения данных: Object of type bool is not JSON serializable
2025-09-11 12:48:46,919 - src.analyzer - INFO - Данные экспортированы в Excel файл: improved_system/advanced_analysis_data.xlsx
