2025-09-10 15:50:44,646 - INFO - Добавлена метрика 'CPU_Usage' с 720 значениями
2025-09-10 15:50:44,646 - INFO - Добавлена метрика 'Throughput' с 720 значениями
2025-09-10 15:50:44,646 - INFO - Добавлено условие 'Temperature' с 720 значениями
2025-09-10 15:50:44,646 - INFO - Добавлено условие 'Humidity' с 720 значениями
2025-09-10 15:50:44,646 - WARNING - Зарегистрирован отказ: Hardware - Отказ процессора из-за перегрева
2025-09-10 15:50:44,646 - WARNING - Зарегистрирован отказ: Software - Ошибка в модуле обработки данных
2025-09-10 15:50:44,649 - WARNING - Зарегистрирован отказ: Network - Потеря связи с удаленным узлом
2025-09-10 15:50:44,649 - WARNING - Зарегистрирован отказ: Power - Сбой питания в критическом узле
2025-09-10 15:50:44,649 - INFO - Рассчитаны метрики надежности: {'MTBF': np.float64(168.0), 'MTTR': 2.0, 'Availability': 0.9888888888888889, 'Total_Failures': 4}
2025-09-10 15:50:44,651 - INFO - Проведен анализ деградации производительности
2025-09-10 15:50:44,652 - INFO - Рассчитаны корреляции: 4 пар
2025-09-10 15:50:44,657 - INFO - Данные сохранены в файл: system_analysis_data.json
2025-09-11 10:16:19,852 - INFO - Добавлена метрика 'CPU_Usage' с 720 значениями
2025-09-11 10:16:19,853 - INFO - Добавлена метрика 'Throughput' с 720 значениями
2025-09-11 10:16:19,853 - INFO - Добавлено условие 'Temperature' с 720 значениями
2025-09-11 10:16:19,853 - INFO - Добавлено условие 'Humidity' с 720 значениями
2025-09-11 10:16:19,853 - WARNING - Зарегистрирован отказ: Hardware - Отказ процессора из-за перегрева
2025-09-11 10:16:19,853 - WARNING - Зарегистрирован отказ: Software - Ошибка в модуле обработки данных
2025-09-11 10:16:19,853 - WARNING - Зарегистрирован отказ: Network - Потеря связи с удаленным узлом
2025-09-11 10:16:19,853 - WARNING - Зарегистрирован отказ: Power - Сбой питания в критическом узле
2025-09-11 10:16:19,853 - INFO - Рассчитаны метрики надежности: {'MTBF': np.float64(168.0), 'MTTR': 2.0, 'Availability': 0.9888888888888889, 'Total_Failures': 4}
2025-09-11 10:16:19,854 - INFO - Проведен анализ деградации производительности
2025-09-11 10:16:19,854 - INFO - Рассчитаны корреляции: 4 пар
2025-09-11 10:16:19,863 - INFO - Данные сохранены в файл: system_analysis_data.json
2025-09-11 10:19:50,689 - INFO - Добавлена метрика 'CPU_Usage' с 720 значениями
2025-09-11 10:19:50,689 - INFO - Добавлена метрика 'Throughput' с 720 значениями
2025-09-11 10:19:50,690 - INFO - Добавлено условие 'Temperature' с 720 значениями
2025-09-11 10:19:50,690 - INFO - Добавлено условие 'Humidity' с 720 значениями
2025-09-11 10:19:50,690 - WARNING - Зарегистрирован отказ: Hardware - Отказ процессора из-за перегрева
2025-09-11 10:19:50,690 - WARNING - Зарегистрирован отказ: Software - Ошибка в модуле обработки данных
2025-09-11 10:19:50,690 - WARNING - Зарегистрирован отказ: Network - Потеря связи с удаленным узлом
2025-09-11 10:19:50,690 - WARNING - Зарегистрирован отказ: Power - Сбой питания в критическом узле
2025-09-11 10:19:50,690 - INFO - Рассчитаны метрики надежности: {'MTBF': np.float64(168.0), 'MTTR': 2.0, 'Availability': 0.9888888888888889, 'Total_Failures': 4}
2025-09-11 10:19:50,691 - INFO - Проведен анализ деградации производительности
2025-09-11 10:19:50,692 - INFO - Рассчитаны корреляции: 4 пар
2025-09-11 10:19:50,700 - INFO - Данные сохранены в файл: system_analysis_data.json
2025-09-11 10:20:33,683 - INFO - Добавлена метрика 'CPU_Usage' с 720 значениями
2025-09-11 10:20:33,683 - INFO - Добавлена метрика 'Throughput' с 720 значениями
2025-09-11 10:20:33,683 - INFO - Добавлено условие 'Temperature' с 720 значениями
2025-09-11 10:20:33,683 - INFO - Добавлено условие 'Humidity' с 720 значениями
2025-09-11 10:20:33,683 - WARNING - Зарегистрирован отказ: Hardware - Отказ процессора из-за перегрева
2025-09-11 10:20:33,683 - WARNING - Зарегистрирован отказ: Software - Ошибка в модуле обработки данных
2025-09-11 10:20:33,683 - WARNING - Зарегистрирован отказ: Network - Потеря связи с удаленным узлом
2025-09-11 10:20:33,683 - WARNING - Зарегистрирован отказ: Power - Сбой питания в критическом узле
2025-09-11 10:20:33,683 - INFO - Рассчитаны метрики надежности: {'MTBF': np.float64(168.0), 'MTTR': 2.0, 'Availability': 0.9888888888888889, 'Total_Failures': 4}
2025-09-11 10:20:33,685 - INFO - Проведен анализ деградации производительности
2025-09-11 10:20:33,685 - INFO - Рассчитаны корреляции: 4 пар
2025-09-11 10:20:33,694 - INFO - Данные сохранены в файл: system_analysis_data.json
2025-09-11 11:58:22,231 - INFO - Добавлена метрика 'CPU_Usage' с 720 значениями
2025-09-11 11:58:22,231 - INFO - Добавлена метрика 'Throughput' с 720 значениями
2025-09-11 11:58:22,232 - INFO - Добавлено условие 'Temperature' с 720 значениями
2025-09-11 11:58:22,232 - INFO - Добавлено условие 'Humidity' с 720 значениями
2025-09-11 11:58:22,232 - WARNING - Зарегистрирован отказ: Hardware - Отказ процессора из-за перегрева
2025-09-11 11:58:22,232 - WARNING - Зарегистрирован отказ: Software - Ошибка в модуле обработки данных
2025-09-11 11:58:22,232 - WARNING - Зарегистрирован отказ: Network - Потеря связи с удаленным узлом
2025-09-11 11:58:22,232 - WARNING - Зарегистрирован отказ: Power - Сбой питания в критическом узле
2025-09-11 11:58:22,233 - INFO - Рассчитаны метрики надежности: {'MTBF': np.float64(168.0), 'MTTR': 2.0, 'Availability': 0.9888888888888889, 'Total_Failures': 4}
2025-09-11 11:58:22,236 - INFO - Проведен анализ деградации производительности
2025-09-11 11:58:22,237 - INFO - Рассчитаны корреляции: 4 пар
2025-09-11 11:58:22,244 - INFO - Данные сохранены в файл: system_analysis_data.json
2025-09-11 12:19:07,706 - src.analyzer - INFO - Инициализирован анализатор для системы: Промышленная ИКС v2.0
2025-09-11 12:19:07,708 - src.analyzer - INFO - Добавлена метрика 'CPU_Usage' с 720 значениями
2025-09-11 12:19:07,709 - src.analyzer - INFO - Добавлена метрика 'Network_Throughput' с 720 значениями
2025-09-11 12:19:07,710 - src.analyzer - INFO - Добавлена метрика 'Memory_Usage' с 720 значениями
2025-09-11 12:19:07,711 - src.analyzer - INFO - Добавлено условие 'Temperature' с 720 значениями
2025-09-11 12:19:07,712 - src.analyzer - INFO - Добавлено условие 'Humidity' с 720 значениями
2025-09-11 12:19:07,713 - src.analyzer - INFO - Добавлено условие 'Vibration' с 720 значениями
2025-09-11 12:19:07,714 - src.analyzer - WARNING - Зарегистрирован отказ: Hardware - Отказ процессора из-за перегрева - температура превысила 45°C
2025-09-11 12:19:07,715 - src.analyzer - WARNING - Зарегистрирован отказ: Network - Потеря связи с удаленным узлом - обрыв кабеля
2025-09-11 12:19:07,715 - src.analyzer - WARNING - Зарегистрирован отказ: Software - Ошибка в модуле обработки данных - переполнение буфера
2025-09-11 12:19:07,716 - src.analyzer - WARNING - Зарегистрирован отказ: Power - Сбой питания в критическом узле - отключение ИБП
2025-09-11 12:19:07,716 - src.analyzer - WARNING - Зарегистрирован отказ: Environmental - Отказ жесткого диска из-за повышенной вибрации
2025-09-11 12:19:07,719 - src.analyzer - INFO - Рассчитаны метрики надежности
2025-09-11 12:19:08,954 - src.analyzer - INFO - Проведен анализ деградации производительности
2025-09-11 12:19:08,975 - src.analyzer - INFO - Рассчитаны корреляции: 9 пар
2025-09-11 12:19:12,414 - src.analyzer - WARNING - Не удалось обучить модель временных рядов для CPU_Usage
2025-09-11 12:19:12,415 - src.analyzer - WARNING - Не удалось обучить модель временных рядов для Network_Throughput
2025-09-11 12:19:12,416 - src.analyzer - WARNING - Не удалось обучить модель временных рядов для Memory_Usage
2025-09-11 12:19:12,416 - src.analyzer - INFO - ML модели успешно обучены
2025-09-11 12:19:14,267 - src.analyzer - INFO - Получено 145 прогнозов отказов
2025-09-11 12:19:14,314 - src.analyzer - INFO - Обнаружено 720 аномалий
2025-09-11 12:19:14,358 - src.analyzer - INFO - Обнаружено 720 аномалий
2025-09-11 12:19:16,198 - src.analyzer - INFO - Обнаружено 720 аномалий
2025-09-11 12:19:20,199 - src.analyzer - INFO - Получено 145 прогнозов отказов
2025-09-11 12:19:21,639 - src.analyzer - ERROR - Ошибка сохранения данных: Object of type bool is not JSON serializable
2025-09-11 12:19:21,640 - src.analyzer - ERROR - openpyxl не установлен, экспорт в Excel недоступен
2025-09-11 12:20:31,920 - src.analyzer - INFO - Инициализирован анализатор для системы: Промышленная ИКС v2.0
2025-09-11 12:20:31,921 - src.analyzer - INFO - Добавлена метрика 'CPU_Usage' с 720 значениями
2025-09-11 12:20:31,922 - src.analyzer - INFO - Добавлена метрика 'Network_Throughput' с 720 значениями
2025-09-11 12:20:31,923 - src.analyzer - INFO - Добавлена метрика 'Memory_Usage' с 720 значениями
2025-09-11 12:20:31,923 - src.analyzer - INFO - Добавлено условие 'Temperature' с 720 значениями
2025-09-11 12:20:31,923 - src.analyzer - INFO - Добавлено условие 'Humidity' с 720 значениями
2025-09-11 12:20:31,924 - src.analyzer - INFO - Добавлено условие 'Vibration' с 720 значениями
2025-09-11 12:20:31,924 - src.analyzer - WARNING - Зарегистрирован отказ: Hardware - Отказ процессора из-за перегрева - температура превысила 45°C
2025-09-11 12:20:31,925 - src.analyzer - WARNING - Зарегистрирован отказ: Network - Потеря связи с удаленным узлом - обрыв кабеля
2025-09-11 12:20:31,925 - src.analyzer - WARNING - Зарегистрирован отказ: Software - Ошибка в модуле обработки данных - переполнение буфера
2025-09-11 12:20:31,925 - src.analyzer - WARNING - Зарегистрирован отказ: Power - Сбой питания в критическом узле - отключение ИБП
2025-09-11 12:20:31,925 - src.analyzer - WARNING - Зарегистрирован отказ: Environmental - Отказ жесткого диска из-за повышенной вибрации
2025-09-11 12:20:31,926 - src.analyzer - INFO - Рассчитаны метрики надежности
2025-09-11 12:20:32,627 - src.analyzer - INFO - Проведен анализ деградации производительности
2025-09-11 12:20:32,632 - src.analyzer - INFO - Рассчитаны корреляции: 9 пар
2025-09-11 12:20:40,025 - src.analyzer - INFO - ML модели успешно обучены
2025-09-11 12:20:41,380 - src.analyzer - INFO - Получено 145 прогнозов отказов
2025-09-11 12:20:41,417 - src.analyzer - INFO - Обнаружено 720 аномалий
2025-09-11 12:20:41,456 - src.analyzer - INFO - Обнаружено 720 аномалий
2025-09-11 12:20:42,956 - src.analyzer - INFO - Обнаружено 720 аномалий
2025-09-11 12:20:46,097 - src.analyzer - INFO - Получено 145 прогнозов отказов
2025-09-11 12:20:47,293 - src.analyzer - ERROR - Ошибка сохранения данных: Object of type bool is not JSON serializable
2025-09-11 12:20:47,769 - src.analyzer - INFO - Данные экспортированы в Excel файл: advanced_analysis_data.xlsx
2025-09-11 12:25:16,997 - INFO - Добавлена метрика 'CPU_Usage' с 720 значениями
2025-09-11 12:25:16,997 - INFO - Добавлена метрика 'Throughput' с 720 значениями
2025-09-11 12:25:16,997 - INFO - Добавлено условие 'Temperature' с 720 значениями
2025-09-11 12:25:16,997 - INFO - Добавлено условие 'Humidity' с 720 значениями
2025-09-11 12:25:16,997 - WARNING - Зарегистрирован отказ: Hardware - Отказ процессора из-за перегрева
2025-09-11 12:25:16,997 - WARNING - Зарегистрирован отказ: Software - Ошибка в модуле обработки данных
2025-09-11 12:25:16,998 - WARNING - Зарегистрирован отказ: Network - Потеря связи с удаленным узлом
2025-09-11 12:25:16,998 - WARNING - Зарегистрирован отказ: Power - Сбой питания в критическом узле
2025-09-11 12:25:16,998 - INFO - Рассчитаны метрики надежности: {'MTBF': np.float64(168.0), 'MTTR': 2.0, 'Availability': 0.9888888888888889, 'Total_Failures': 4}
2025-09-11 12:25:16,999 - INFO - Проведен анализ деградации производительности
2025-09-11 12:25:17,000 - INFO - Рассчитаны корреляции: 4 пар
2025-09-11 12:25:17,006 - INFO - Данные сохранены в файл: system_analysis_data.json
